# Logfile created on Sun Feb 28 17:27:25 -0600 2010

Processing ApplicationController#index (for 127.0.0.1 at 2010-02-28 17:27:58) [GET]
  Session ID: BAh7CDoPc2Vzc2lvbl9pZCIlMTFkOGNmOGY1OGU3YWY1ZDMxZjFkZWVmMDliYzk3ZjUiCmZsYXNoSUM6J0FjdGlvbkNvbnRyb2xsZXI6OkZsYXNoOjpGbGFzaEhhc2h7AAY6CkB1c2VkewA6EF9jc3JmX3Rva2VuIjF2alJHMXovbVRJT1JjaEg1bExuYVhUTXQzZU1lN2lqanpKa3JmcGkwR3VrPQ==--4e804f172eff68f712c57a26e96096d5c0a9a010
  Parameters: {}


ActionController::RoutingError (No route matches "/todos" with {:method=>:get}):
    /opt/local/lib/ruby/gems/1.8/gems/actionpack-2.1.0/lib/action_controller/routing/recognition_optimisation.rb:67:in `recognize_path'
    /opt/local/lib/ruby/gems/1.8/gems/actionpack-2.1.0/lib/action_controller/routing/route_set.rb:384:in `recognize'
    /opt/local/lib/ruby/gems/1.8/gems/actionpack-2.1.0/lib/action_controller/dispatcher.rb:148:in `handle_request'
    /opt/local/lib/ruby/gems/1.8/gems/actionpack-2.1.0/lib/action_controller/dispatcher.rb:107:in `dispatch'
    /opt/local/lib/ruby/gems/1.8/gems/actionpack-2.1.0/lib/action_controller/dispatcher.rb:104:in `synchronize'
    /opt/local/lib/ruby/gems/1.8/gems/actionpack-2.1.0/lib/action_controller/dispatcher.rb:104:in `dispatch'
    /opt/local/lib/ruby/gems/1.8/gems/actionpack-2.1.0/lib/action_controller/dispatcher.rb:120:in `dispatch_cgi'
    /opt/local/lib/ruby/gems/1.8/gems/actionpack-2.1.0/lib/action_controller/dispatcher.rb:35:in `dispatch'
    /opt/local/lib/ruby/gems/1.8/gems/rails-2.1.0/lib/webrick_server.rb:112:in `handle_dispatch'
    /opt/local/lib/ruby/gems/1.8/gems/rails-2.1.0/lib/webrick_server.rb:78:in `service'
    /opt/local/lib/ruby/1.8/webrick/httpserver.rb:104:in `service'
    /opt/local/lib/ruby/1.8/webrick/httpserver.rb:65:in `run'
    /opt/local/lib/ruby/1.8/webrick/server.rb:173:in `start_thread'
    /opt/local/lib/ruby/1.8/webrick/server.rb:162:in `start'
    /opt/local/lib/ruby/1.8/webrick/server.rb:162:in `start_thread'
    /opt/local/lib/ruby/1.8/webrick/server.rb:95:in `start'
    /opt/local/lib/ruby/1.8/webrick/server.rb:92:in `each'
    /opt/local/lib/ruby/1.8/webrick/server.rb:92:in `start'
    /opt/local/lib/ruby/1.8/webrick/server.rb:23:in `start'
    /opt/local/lib/ruby/1.8/webrick/server.rb:82:in `start'
    /opt/local/lib/ruby/gems/1.8/gems/rails-2.1.0/lib/webrick_server.rb:62:in `dispatch'
    /opt/local/lib/ruby/gems/1.8/gems/rails-2.1.0/lib/commands/servers/webrick.rb:66
    /opt/local/lib/ruby/site_ruby/1.8/rubygems/custom_require.rb:31:in `gem_original_require'
    /opt/local/lib/ruby/site_ruby/1.8/rubygems/custom_require.rb:31:in `require'
    /opt/local/lib/ruby/gems/1.8/gems/activesupport-2.1.0/lib/active_support/dependencies.rb:509:in `require'
    /opt/local/lib/ruby/gems/1.8/gems/activesupport-2.1.0/lib/active_support/dependencies.rb:354:in `new_constants_in'
    /opt/local/lib/ruby/gems/1.8/gems/activesupport-2.1.0/lib/active_support/dependencies.rb:509:in `require'
    /opt/local/lib/ruby/gems/1.8/gems/rails-2.1.0/lib/commands/server.rb:39
    /opt/local/lib/ruby/site_ruby/1.8/rubygems/custom_require.rb:31:in `gem_original_require'
    /opt/local/lib/ruby/site_ruby/1.8/rubygems/custom_require.rb:31:in `require'
    script/server:3

Rendering /opt/local/lib/ruby/gems/1.8/gems/actionpack-2.1.0/lib/action_controller/templates/rescues/layout.erb (not_found)


Processing PeopleController#index (for 127.0.0.1 at 2010-02-28 17:28:05) [GET]
  Session ID: BAh7CDoQX2NzcmZfdG9rZW4iMXZqUkcxei9tVElPUmNoSDVsTG5hWFRNdDNl
TWU3aWpqekprcmZwaTBHdWs9Og9zZXNzaW9uX2lkIiUxMWQ4Y2Y4ZjU4ZTdh
ZjVkMzFmMWRlZWYwOWJjOTdmNSIKZmxhc2hJQzonQWN0aW9uQ29udHJvbGxl
cjo6Rmxhc2g6OkZsYXNoSGFzaHsABjoKQHVzZWR7AA==--36c133467d58514363e6f79010e46f8053f11c07
  Parameters: {"action"=>"index", "controller"=>"people"}
  [4;36;1mPerson Load (0.001103)[0m   [0;1mSELECT * FROM "people" [0m
Rendering people/index
Completed in 0.01080 (92 reqs/sec) | Rendering: 0.00147 (13%) | DB: 0.00110 (10%) | 200 OK [http://0.0.0.0/people/]
